<?xml version="1.0" encoding="UTF-8"?>
<!-- Generated by org.testng.reporters.JUnitReportReporter -->
<testsuite skipped="0" hostname="DESKTOP-B3EVEU1" name="testNG.First" tests="3" failures="0" timestamp="2020-08-23T02:09:38 IST" time="0.018" errors="0">
  <testcase name="Example" time="0.005" classname="testNG.First"/>
  <system-out/>
  <testcase name="Sample" time="0.003" classname="testNG.First"/>
  <system-out/>
  <testcase name="Demo" time="0.010" classname="testNG.First"/>
  <system-out/>
</testsuite> <!-- testNG.First -->
