<?xml version="1.0" encoding="UTF-8"?>
<!-- Generated by org.testng.reporters.JUnitReportReporter -->
<testsuite skipped="0" hostname="DESKTOP-B3EVEU1" name="testNG.Second" tests="1" failures="0" timestamp="2020-08-23T02:09:38 IST" time="0.003" errors="0">
  <testcase name="Contentment" time="0.003" classname="testNG.Second"/>
  <system-out/>
</testsuite> <!-- testNG.Second -->
